This file contains any messages produced by compilers while
running configure, to aid debugging if configure makes a mistake.

It was created by [PTA] configure [1.0], which was
generated by GNU Autoconf 2.69.  Invocation command line was

  $ ./configure 

## --------- ##
## Platform. ##
## --------- ##

hostname = Troxxor
uname -m = x86_64
uname -r = 4.2.0-35-generic
uname -s = Linux
uname -v = #40~14.04.1-Ubuntu SMP Fri Mar 18 16:37:35 UTC 2016

/usr/bin/uname -p = unknown
/bin/uname -X     = unknown

/bin/arch              = unknown
/usr/bin/arch -k       = unknown
/usr/convex/getsysinfo = unknown
/usr/bin/hostinfo      = unknown
/bin/machine           = unknown
/usr/bin/oslevel       = unknown
/bin/universe          = unknown

PATH: /usr/local/sbin
PATH: /usr/local/bin
PATH: /usr/sbin
PATH: /usr/bin
PATH: /sbin
PATH: /bin
PATH: /usr/games
PATH: /usr/local/games


## ----------- ##
## Core tests. ##
## ----------- ##

configure:1922: creating ./config.status

## ---------------------- ##
## Running config.status. ##
## ---------------------- ##

This file was extended by [PTA] config.status [1.0], which was
generated by GNU Autoconf 2.69.  Invocation command line was

  CONFIG_FILES    = 
  CONFIG_HEADERS  = 
  CONFIG_LINKS    = 
  CONFIG_COMMANDS = 
  $ ./config.status 

on Troxxor

config.status:732: creating Makefile.common
config.status:893: executing setup commands
config.status:893: executing Makefile commands
config.status:893: executing lib/Makefile commands
config.status:893: executing lib/WPA/Makefile commands
config.status:893: executing lib/MemoryModel/Makefile commands
config.status:893: executing lib/Util/Makefile commands
config.status:893: executing tools/Makefile commands
config.status:893: executing tools/WPA/Makefile commands

## ---------------- ##
## Cache variables. ##
## ---------------- ##

ac_cv_env_build_alias_set=
ac_cv_env_build_alias_value=
ac_cv_env_host_alias_set=
ac_cv_env_host_alias_value=
ac_cv_env_target_alias_set=
ac_cv_env_target_alias_value=

## ----------------- ##
## Output variables. ##
## ----------------- ##

DEFS='-DPACKAGE_NAME=\"\[PTA\]\" -DPACKAGE_TARNAME=\"--pta--\" -DPACKAGE_VERSION=\"\[1.0\]\" -DPACKAGE_STRING=\"\[PTA\]\ \[1.0\]\" -DPACKAGE_BUGREPORT=\"rockysui@gmail.com\" -DPACKAGE_URL=\"\"'
ECHO_C=''
ECHO_N='-n'
ECHO_T=''
LIBOBJS=''
LIBS=''
LLVM_OBJ='/home/zaik/Documents/Libraries/LLVM_libs/llvm-3.8.0.build-gmake'
LLVM_SRC='/home/zaik/Documents/Libraries/LLVM_libs/llvm-3.8.0.src'
LTLIBOBJS=''
PACKAGE_BUGREPORT='rockysui@gmail.com'
PACKAGE_NAME='[PTA]'
PACKAGE_STRING='[PTA] [1.0]'
PACKAGE_TARNAME='--pta--'
PACKAGE_URL=''
PACKAGE_VERSION='[1.0]'
PATH_SEPARATOR=':'
SHELL='/bin/bash'
bindir='${exec_prefix}/bin'
build_alias=''
datadir='${datarootdir}'
datarootdir='${prefix}/share'
docdir='${datarootdir}/doc/${PACKAGE_TARNAME}'
dvidir='${docdir}'
exec_prefix='${prefix}'
host_alias=''
htmldir='${docdir}'
includedir='${prefix}/include'
infodir='${datarootdir}/info'
libdir='${exec_prefix}/lib'
libexecdir='${exec_prefix}/libexec'
localedir='${datarootdir}/locale'
localstatedir='${prefix}/var'
mandir='${datarootdir}/man'
oldincludedir='/usr/include'
pdfdir='${docdir}'
prefix='/usr/local'
program_transform_name='s,x,x,'
psdir='${docdir}'
sbindir='${exec_prefix}/sbin'
sharedstatedir='${prefix}/com'
sysconfdir='${prefix}/etc'
target_alias=''

## ----------- ##
## confdefs.h. ##
## ----------- ##

/* confdefs.h */
#define PACKAGE_NAME "[PTA]"
#define PACKAGE_TARNAME "--pta--"
#define PACKAGE_VERSION "[1.0]"
#define PACKAGE_STRING "[PTA] [1.0]"
#define PACKAGE_BUGREPORT "rockysui@gmail.com"
#define PACKAGE_URL ""

configure: exit 0
